[2025-05-25T20:02:08.747878+02:00] import.INFO: Skipped row - empty description {"row":"\"2025-05-03 21:00:00\",30.50,\"\",Entertainment"} []
[2025-05-25T20:02:08.752191+02:00] import.INFO: Import completed {"imported":0,"skipped":1,"userId":1} []
[2025-05-25T20:02:34.463655+02:00] import.INFO: Skipped row - empty description {"row":"\"2025-05-03 21:00:00\",30.50,\"\",Entertainment"} []
[2025-05-25T20:02:34.464567+02:00] import.INFO: Import completed {"imported":0,"skipped":1,"userId":1} []
[2025-05-25T20:06:18.311683+02:00] import.INFO: Skipped row - empty description {"row":"\"2025-05-03 21:00:00\",30.50,\"\",Entertainment"} []
[2025-05-25T20:06:18.312827+02:00] import.INFO: Import completed {"imported":0,"skipped":1,"userId":1} []
[2025-05-25T20:07:31.336610+02:00] import.INFO: Skipped row - empty description {"row":"\"2025-05-03 21:00:00\",30.50,\"\",entertainment"} []
[2025-05-25T20:07:31.337482+02:00] import.INFO: Import completed {"imported":0,"skipped":1,"userId":1} []
[2025-05-25T20:08:26.425355+02:00] import.INFO: Skipped row - duplicate {"row":"\"2025-05-03 21:00:00\",30.50,\"Night out\",Entertainment"} []
[2025-05-25T20:08:26.426606+02:00] import.INFO: Skipped row - empty description {"row":"\"2025-05-03 21:00:00\",30.50,\"\",Entertainment"} []
[2025-05-25T20:08:26.426639+02:00] import.INFO: Skipped row - invalid category {"row":"\"2025-05-03 21:00:00\",30.50,\"This should be skipped because of unknown category\",Abracadabra","category":"Abracadabra"} []
[2025-05-25T20:08:26.435173+02:00] import.INFO: Import completed {"imported":6,"skipped":9,"userId":1} []
[2025-05-25T20:13:14.675546+02:00] import.INFO: Skipped row - duplicate {"row":"\"2025-05-03 21:00:00\",30.50,\"Night out\",Entertainment"} []
[2025-05-25T20:13:14.676832+02:00] import.INFO: Skipped row - empty description {"row":"\"2025-05-03 21:00:00\",30.50,\"\",Entertainment"} []
[2025-05-25T20:13:14.676863+02:00] import.INFO: Skipped row - invalid category {"row":"\"2025-05-03 21:00:00\",30.50,\"This should be skipped because of unknown category\",Abracadabra","category":"Abracadabra"} []
[2025-05-25T20:13:14.684882+02:00] import.INFO: Import completed {"imported":6,"skipped":9,"userId":1} []
[2025-05-25T20:14:50.879809+02:00] import.INFO: Skipped row - duplicate {"row":"\"2025-05-03 21:00:00\",30.50,\"Night out\",Entertainment"} []
[2025-05-25T20:14:50.880807+02:00] import.INFO: Skipped row - empty description {"row":"\"2025-05-03 21:00:00\",30.50,\"\",Entertainment"} []
[2025-05-25T20:14:50.880845+02:00] import.INFO: Skipped row - invalid category {"row":"\"2025-05-03 21:00:00\",30.50,\"This should be skipped because of unknown category\",Abracadabra","category":"Abracadabra"} []
[2025-05-25T20:14:50.889604+02:00] import.INFO: Import completed {"imported":6,"skipped":9,"userId":1} []
